 INFO 2021-02-27 12:52:15 App:260 - Было выбрано первое задание 
 INFO 2021-02-27 12:57:05 App:268 - Было выбрано первое задание 
 INFO 2021-02-27 12:57:09 App:72 - Был выбран ввод с клавиатуры 
 INFO 2021-02-27 12:57:17 App:159 - Был выбран ввод из файла 
 INFO 2021-02-27 12:57:22 App:243 - Был выбран ввод из файла 
 INFO 2021-02-27 13:00:06 App:282 - Было выбрано четвёртое задание 
 INFO 2021-02-27 13:00:09 App:243 - Был выбран ввод из файла 
 INFO 2021-02-27 13:01:06 App:290 - Программа была завершена нажатем на кнопку выхода 
 INFO 2021-02-27 13:03:52 App:271 - Было выбрано первое задание 
 INFO 2021-02-27 13:03:53 App:75 - Был выбран ввод с клавиатуры 
 INFO 2021-02-27 13:03:57 App:26 - Введено число: 3 
 INFO 2021-02-27 13:03:58 App:29 - Введено число: 4 
 INFO 2021-02-27 13:03:59 App:32 - Введено число: 5 
 INFO 2021-02-27 13:06:37 App:268 - Было выбрано первое задание 
 INFO 2021-02-27 13:06:39 App:78 - Был выбран ввод из файла 
 INFO 2021-02-27 13:06:39 App:29 - Это треугольник 
 INFO 2021-02-27 13:06:39 App:30 - Первая сторона: 
 INFO 2021-02-27 13:06:39 App:31 - 7 
 INFO 2021-02-27 13:06:39 App:32 - Вторая сторона: 
 INFO 2021-02-27 13:06:39 App:33 - 8 
 INFO 2021-02-27 13:06:39 App:34 - Третья сторона: 
 INFO 2021-02-27 13:06:39 App:35 - 13 
 INFO 2021-02-27 13:06:39 App:45 - Площадь треуголника 
 INFO 2021-02-27 13:06:39 App:46 - 24.24871130596428 
 INFO 2021-02-27 13:07:41 App:268 - Было выбрано первое задание 
 INFO 2021-02-27 13:07:41 App:78 - Был выбран ввод из файла 
 INFO 2021-02-27 13:07:41 App:29 - Это треугольник 
 INFO 2021-02-27 13:07:41 App:30 - Первая сторона:7 
 INFO 2021-02-27 13:07:41 App:31 - Вторая сторона:8 
 INFO 2021-02-27 13:07:41 App:32 - Третья сторона:13 
 INFO 2021-02-27 13:07:41 App:42 - Площадь треуголника 
 INFO 2021-02-27 13:07:41 App:43 - 24.24871130596428 
 INFO 2021-02-27 13:08:03 App:268 - Было выбрано первое задание 
 INFO 2021-02-27 13:08:03 App:78 - Был выбран ввод из файла 
 INFO 2021-02-27 13:08:03 App:29 - Это треугольник 
 INFO 2021-02-27 13:08:03 App:30 - Первая сторона:7 
 INFO 2021-02-27 13:08:03 App:31 - Вторая сторона:8 
 INFO 2021-02-27 13:08:03 App:32 - Третья сторона:13 
 INFO 2021-02-27 13:08:03 App:42 - Площадь треуголника24.24871130596428 
 INFO 2021-02-27 13:09:29 App:261 - Задача №1  - 1 
Задача №2  - 2 
Задача №3  - 3 
Задача №4  - 4 
для выхода нажмите 0 
 
 INFO 2021-02-27 13:09:29 App:264 - Введите номер задания:  
 INFO 2021-02-27 13:09:33 App:278 - Было выбрано третье задание 
 INFO 2021-02-27 13:09:33 App:63 - Введите 1, если хотите считывать из консоли, если хотите считывать из файла 2...  
 INFO 2021-02-27 14:05:42 App:271 - Было выбрано первое задание 
 INFO 2021-02-27 14:05:43 App:75 - Был выбран ввод с клавиатуры 
 INFO 2021-02-27 14:05:44 App:26 - Введенно число:3 
 INFO 2021-02-27 14:05:46 App:29 - Введенно число:4 
 INFO 2021-02-27 14:05:47 App:32 - Введенно число:5 
 INFO 2021-02-27 14:05:47 App:29 - Это треугольник 
 INFO 2021-02-27 14:05:47 App:30 - Первая сторона:3 
 INFO 2021-02-27 14:05:47 App:31 - Вторая сторона:4 
 INFO 2021-02-27 14:05:47 App:32 - Третья сторона:5 
 INFO 2021-02-27 14:05:47 App:42 - Площадь треуголника:6.0 
 INFO 2021-02-27 14:07:59 App:269 - Было выбрано первое задание 
 INFO 2021-02-27 14:08:05 App:69 - Был выбран ввод с клавиатуры 
 INFO 2021-02-27 14:08:06 App:26 - Введенно число:3 
 INFO 2021-02-27 14:08:06 App:29 - Введенно число:4 
 INFO 2021-02-27 14:08:07 App:32 - Введенно число:5 
 INFO 2021-02-27 14:08:07 App:29 - Это треугольник 
 INFO 2021-02-27 14:08:07 App:30 - Первая сторона:3 
 INFO 2021-02-27 14:08:07 App:31 - Вторая сторона:4 
 INFO 2021-02-27 14:08:07 App:32 - Третья сторона:5 
 INFO 2021-02-27 14:08:07 App:42 - Площадь треуголника:6.0 
 INFO 2021-02-27 14:08:14 App:269 - Было выбрано первое задание 
 INFO 2021-02-27 14:08:14 App:71 - Был выбран ввод из файла 
 INFO 2021-02-27 14:08:14 App:85 - Был выбран ввод из файла 
 INFO 2021-02-27 14:08:14 App:29 - Это треугольник 
 INFO 2021-02-27 14:08:14 App:30 - Первая сторона:7 
 INFO 2021-02-27 14:08:14 App:31 - Вторая сторона:8 
 INFO 2021-02-27 14:08:14 App:32 - Третья сторона:13 
 INFO 2021-02-27 14:08:14 App:42 - Площадь треуголника:24.24871130596428 
 INFO 2021-02-27 14:09:33 App:268 - Было выбрано первое задание 
 INFO 2021-02-27 14:09:34 App:69 - Был выбран ввод с клавиатуры 
 INFO 2021-02-27 14:09:35 App:26 - Введенно число:3 
 INFO 2021-02-27 14:09:35 App:29 - Введенно число:4 
 INFO 2021-02-27 14:09:36 App:32 - Введенно число:5 
 INFO 2021-02-27 14:09:36 App:29 - Это треугольник 
 INFO 2021-02-27 14:09:36 App:30 - Первая сторона:3 
 INFO 2021-02-27 14:09:36 App:31 - Вторая сторона:4 
 INFO 2021-02-27 14:09:36 App:32 - Третья сторона:5 
 INFO 2021-02-27 14:09:36 App:42 - Площадь треуголника:6.0 
 INFO 2021-02-27 14:09:41 App:268 - Было выбрано первое задание 
 INFO 2021-02-27 14:09:41 App:71 - Был выбран ввод из файла 
 INFO 2021-02-27 14:09:41 App:29 - Это треугольник 
 INFO 2021-02-27 14:09:41 App:30 - Первая сторона:7 
 INFO 2021-02-27 14:09:41 App:31 - Вторая сторона:8 
 INFO 2021-02-27 14:09:41 App:32 - Третья сторона:13 
 INFO 2021-02-27 14:09:41 App:42 - Площадь треуголника:24.24871130596428 
 INFO 2021-02-27 14:09:44 App:273 - Было выбрано второе задание 
 INFO 2021-02-27 14:09:44 App:69 - Был выбран ввод с клавиатуры 
 INFO 2021-02-27 14:09:48 App:123 - Апрель : 30 день 
 INFO 2021-02-27 14:09:55 App:273 - Было выбрано второе задание 
 INFO 2021-02-27 14:09:56 App:69 - Был выбран ввод с клавиатуры 
 INFO 2021-02-27 14:10:01 App:120 - Март : 31 день 
 INFO 2021-02-27 14:14:31 App:282 - Было выбрано второе задание 
 INFO 2021-02-27 14:14:33 App:69 - Был выбран ввод с клавиатуры 
ERROR 2021-02-27 14:14:36 App:110 - Год не может быть меньше нуля! 
ERROR 2021-02-27 14:14:36 App:158 - java.lang.Exception: Год не может быть меньше нуля! 
 INFO 2021-02-27 14:15:16 App:281 - Было выбрано второе задание 
 INFO 2021-02-27 14:15:17 App:69 - Был выбран ввод с клавиатуры 
ERROR 2021-02-27 14:15:19 App:110 - Год не может быть меньше нуля! 
 INFO 2021-02-27 14:15:19 App:120 - Февраль : 28 день 
 INFO 2021-02-27 14:16:38 App:283 - Было выбрано второе задание 
 INFO 2021-02-27 14:16:38 App:69 - Был выбран ввод с клавиатуры 
ERROR 2021-02-27 14:16:40 App:110 - Год не может быть меньше нуля! 
ERROR 2021-02-27 14:16:40 App:159 - java.lang.Exception: Год не может быть меньше нуля! 
 INFO 2021-02-27 14:26:04 App:295 - Было выбрано четвёртое задание 
 INFO 2021-02-27 14:26:08 App:69 - Был выбран ввод с клавиатуры 
 INFO 2021-02-27 14:26:13 App:252 - Ввели размерность массива:2 
 INFO 2021-02-27 14:26:17 App:219 - Ввели0элемент = 3 
 INFO 2021-02-27 14:26:19 App:219 - Ввели1элемент = -4 
 INFO 2021-02-27 14:28:11 App:292 - Было выбрано четвёртое задание 
 INFO 2021-02-27 14:28:12 App:69 - Был выбран ввод с клавиатуры 
 INFO 2021-02-27 14:28:14 App:249 - Ввели размерность массива:-3 
 WARN 2021-02-27 14:28:14 App:223 - Размерность массива не может быть отрицательной! 
 INFO 2021-02-27 14:58:34 App:314 - Было выбрано третье задание 
 INFO 2021-02-27 14:58:36 App:87 - Был выбран ввод с клавиатуры 
 INFO 2021-02-27 14:58:40 App:204 - Ввели кол-во километров3 
 INFO 2021-02-27 14:58:43 App:207 - Ввели процент дневной нормы4 
 INFO 2021-02-27 14:58:44 App:210 - Ввели кол-во дней5 
 INFO 2021-02-27 14:58:44 App:31 - Суммарный путь (цикл for): 16.24896768 
 INFO 2021-02-27 14:58:44 App:42 - Суммарный путь (цикл while): 16.24896768 
 INFO 2021-02-27 14:59:08 App:314 - Было выбрано третье задание 
 INFO 2021-02-27 14:59:08 App:87 - Был выбран ввод с клавиатуры 
 INFO 2021-02-27 14:59:09 App:204 - Ввели кол-во километров3 
 INFO 2021-02-27 14:59:09 App:207 - Ввели процент дневной нормы4 
 INFO 2021-02-27 14:59:10 App:210 - Ввели кол-во дней5 
 INFO 2021-02-27 14:59:10 SportsMen:31 - Суммарный путь (цикл for): 16.24896768 
 INFO 2021-02-27 14:59:10 SportsMen:42 - Суммарный путь (цикл while): 16.24896768 
